{"level":"info","message":"::1 - - [04/Apr/2025:02:29:26 +0000] \"POST /auth/register HTTP/1.1\" 400 79 \"-\" \"PostmanRuntime/7.38.0\"","service":"your-service-name","timestamp":"04-04-2025 07:59:26"}
{"level":"error","message":{"error":{"issues":[{"code":"too_small","exact":false,"inclusive":true,"message":"Password must contain at least 8 characters","minimum":8,"path":["password"],"type":"string"}],"name":"ZodError"},"success":false},"service":"your-service-name","timestamp":"04-04-2025 08:01:33"}
{"level":"info","message":"::1 - - [04/Apr/2025:02:31:33 +0000] \"POST /auth/register HTTP/1.1\" 400 79 \"-\" \"PostmanRuntime/7.38.0\"","service":"your-service-name","timestamp":"04-04-2025 08:01:33"}
{"level":"info","message":"::1 - - [04/Apr/2025:02:32:47 +0000] \"POST /auth/login HTTP/1.1\" 401 78 \"-\" \"PostmanRuntime/7.38.0\"","service":"your-service-name","timestamp":"04-04-2025 08:02:47"}
{"level":"info","message":"::1 - - [04/Apr/2025:04:00:53 +0000] \"POST /auth/register HTTP/1.1\" 200 85 \"-\" \"PostmanRuntime/7.38.0\"","service":"your-service-name","timestamp":"04-04-2025 09:30:53"}
{"level":"info","message":"::1 - - [04/Apr/2025:04:01:04 +0000] \"POST /auth/login HTTP/1.1\" 200 226 \"-\" \"PostmanRuntime/7.38.0\"","service":"your-service-name","timestamp":"04-04-2025 09:31:04"}
{"level":"info","message":"::1 - - [04/Apr/2025:04:04:29 +0000] \"GET /user/4 HTTP/1.1\" 401 - \"-\" \"PostmanRuntime/7.38.0\"","service":"your-service-name","timestamp":"04-04-2025 09:34:29"}
{"level":"info","message":"::1 - - [04/Apr/2025:04:04:33 +0000] \"GET /user/4 HTTP/1.1\" 200 188 \"-\" \"PostmanRuntime/7.38.0\"","service":"your-service-name","timestamp":"04-04-2025 09:34:33"}
{"level":"info","message":"::1 - - [04/Apr/2025:04:22:28 +0000] \"GET /user/4 HTTP/1.1\" 200 185 \"-\" \"PostmanRuntime/7.38.0\"","service":"your-service-name","timestamp":"04-04-2025 09:52:28"}
{"level":"info","message":"::1 - - [04/Apr/2025:04:36:48 +0000] \"GET /user/4 HTTP/1.1\" 200 185 \"-\" \"PostmanRuntime/7.38.0\"","service":"your-service-name","timestamp":"04-04-2025 10:06:48"}
{"level":"info","message":"::1 - - [04/Apr/2025:04:37:16 +0000] \"GET /user/3 HTTP/1.1\" 200 188 \"-\" \"PostmanRuntime/7.38.0\"","service":"your-service-name","timestamp":"04-04-2025 10:07:16"}
{"level":"info","message":"::1 - - [04/Apr/2025:05:38:41 +0000] \"POST /auth/login HTTP/1.1\" 200 232 \"-\" \"PostmanRuntime/7.38.0\"","service":"your-service-name","timestamp":"04-04-2025 11:08:41"}
{"level":"info","message":"::1 - - [04/Apr/2025:05:39:33 +0000] \"GET /auth/refresh HTTP/1.1\" 500 1643 \"-\" \"PostmanRuntime/7.38.0\"","service":"your-service-name","timestamp":"04-04-2025 11:09:33"}
{"level":"info","message":"::1 - - [04/Apr/2025:05:39:53 +0000] \"GET /auth/refresh HTTP/1.1\" 500 1643 \"-\" \"PostmanRuntime/7.38.0\"","service":"your-service-name","timestamp":"04-04-2025 11:09:53"}
{"level":"info","message":"::1 - - [04/Apr/2025:05:40:11 +0000] \"GET /auth/refresh HTTP/1.1\" 200 5 \"-\" \"PostmanRuntime/7.38.0\"","service":"your-service-name","timestamp":"04-04-2025 11:10:11"}
{"level":"info","message":"::1 - - [04/Apr/2025:05:41:09 +0000] \"GET /auth/refresh HTTP/1.1\" 200 5 \"-\" \"PostmanRuntime/7.38.0\"","service":"your-service-name","timestamp":"04-04-2025 11:11:09"}
{"level":"info","message":"::1 - - [04/Apr/2025:05:41:22 +0000] \"GET /auth/refresh HTTP/1.1\" 200 5 \"-\" \"PostmanRuntime/7.38.0\"","service":"your-service-name","timestamp":"04-04-2025 11:11:22"}
{"level":"info","message":"::1 - - [04/Apr/2025:05:41:24 +0000] \"GET /auth/refresh HTTP/1.1\" 200 5 \"-\" \"PostmanRuntime/7.38.0\"","service":"your-service-name","timestamp":"04-04-2025 11:11:24"}
{"level":"info","message":"::1 - - [04/Apr/2025:05:43:18 +0000] \"GET /auth/refresh HTTP/1.1\" 200 5 \"-\" \"PostmanRuntime/7.38.0\"","service":"your-service-name","timestamp":"04-04-2025 11:13:18"}
{"level":"info","message":"::1 - - [04/Apr/2025:05:43:43 +0000] \"GET /auth/refresh HTTP/1.1\" 200 5 \"-\" \"PostmanRuntime/7.38.0\"","service":"your-service-name","timestamp":"04-04-2025 11:13:43"}
{"level":"info","message":"::1 - - [12/Apr/2025:02:28:33 +0000] \"POST /auth/login HTTP/1.1\" 200 232 \"-\" \"PostmanRuntime/7.38.0\"","service":"your-service-name","timestamp":"12-04-2025 07:58:33"}
{"level":"info","message":"::1 - - [12/Apr/2025:09:48:42 +0000] \"GET /party/add HTTP/1.1\" 401 - \"-\" \"PostmanRuntime/7.38.0\"","service":"your-service-name","timestamp":"12-04-2025 15:18:42"}
{"level":"info","message":"::1 - - [12/Apr/2025:09:49:52 +0000] \"GET /party/add HTTP/1.1\" 404 148 \"-\" \"PostmanRuntime/7.38.0\"","service":"your-service-name","timestamp":"12-04-2025 15:19:52"}
{"level":"info","message":"::1 - - [12/Apr/2025:09:50:00 +0000] \"GET /party HTTP/1.1\" 200 45 \"-\" \"PostmanRuntime/7.38.0\"","service":"your-service-name","timestamp":"12-04-2025 15:20:00"}
{"level":"error","message":{"error":{"issues":[{"code":"invalid_type","expected":"string","message":"Required","path":["contact_number"],"received":"undefined"},{"code":"invalid_type","expected":"string","message":"Required","path":["billing_address"],"received":"undefined"},{"code":"invalid_type","expected":"string","message":"Required","path":["email_address"],"received":"undefined"},{"code":"invalid_type","expected":"string","message":"Required","path":["state"],"received":"undefined"},{"code":"invalid_type","expected":"string","message":"Required","path":["gst_type"],"received":"undefined"},{"code":"invalid_type","expected":"string","message":"Required","path":["gstin"],"received":"undefined"},{"code":"invalid_type","expected":"number","message":"Required","path":["credit_limit"],"received":"undefined"},{"code":"invalid_type","expected":"number","message":"Required","path":["opening_balance"],"received":"undefined"},{"code":"invalid_type","expected":"date","message":"Required","path":["as_of_date"],"received":"undefined"}],"name":"ZodError"},"success":false},"service":"your-service-name","timestamp":"12-04-2025 15:20:20"}
{"level":"info","message":"::1 - - [12/Apr/2025:09:50:20 +0000] \"POST /party/add HTTP/1.1\" 400 79 \"-\" \"PostmanRuntime/7.38.0\"","service":"your-service-name","timestamp":"12-04-2025 15:20:20"}
{"level":"error","message":{"error":{"issues":[{"code":"invalid_type","expected":"string","message":"Required","path":["contact_number"],"received":"undefined"},{"code":"invalid_type","expected":"string","message":"Required","path":["billing_address"],"received":"undefined"},{"code":"invalid_type","expected":"string","message":"Required","path":["email_address"],"received":"undefined"},{"code":"invalid_type","expected":"string","message":"Required","path":["state"],"received":"undefined"},{"code":"invalid_type","expected":"string","message":"Required","path":["gst_type"],"received":"undefined"},{"code":"invalid_type","expected":"string","message":"Required","path":["gstin"],"received":"undefined"},{"code":"invalid_type","expected":"number","message":"Required","path":["credit_limit"],"received":"undefined"},{"code":"invalid_type","expected":"number","message":"Required","path":["opening_balance"],"received":"undefined"},{"code":"invalid_type","expected":"date","message":"Required","path":["as_of_date"],"received":"undefined"}],"name":"ZodError"},"success":false},"service":"your-service-name","timestamp":"12-04-2025 15:21:28"}
{"level":"info","message":"::1 - - [12/Apr/2025:09:51:28 +0000] \"POST /party/add HTTP/1.1\" 400 79 \"-\" \"PostmanRuntime/7.38.0\"","service":"your-service-name","timestamp":"12-04-2025 15:21:28"}
{"level":"info","message":"::1 - - [12/Apr/2025:09:56:03 +0000] \"POST /party/add HTTP/1.1\" 200 84 \"-\" \"PostmanRuntime/7.38.0\"","service":"your-service-name","timestamp":"12-04-2025 15:26:03"}
{"level":"error","message":{"error":{"issues":[{"code":"invalid_type","expected":"date","message":"Expected date, received string","path":["as_of_date"],"received":"string"}],"name":"ZodError"},"success":false},"service":"your-service-name","timestamp":"12-04-2025 15:34:55"}
{"level":"info","message":"::1 - - [12/Apr/2025:10:04:55 +0000] \"POST /party/add HTTP/1.1\" 400 79 \"-\" \"PostmanRuntime/7.38.0\"","service":"your-service-name","timestamp":"12-04-2025 15:34:55"}
{"level":"info","message":"::1 - - [12/Apr/2025:10:08:44 +0000] \"POST /party/add HTTP/1.1\" 200 84 \"-\" \"PostmanRuntime/7.38.0\"","service":"your-service-name","timestamp":"12-04-2025 15:38:44"}
{"level":"info","message":"::1 - - [12/Apr/2025:10:13:50 +0000] \"POST /party/add HTTP/1.1\" 200 84 \"-\" \"PostmanRuntime/7.38.0\"","service":"your-service-name","timestamp":"12-04-2025 15:43:50"}
{"level":"info","message":"::1 - - [12/Apr/2025:10:18:17 +0000] \"POST /party/add HTTP/1.1\" 200 84 \"-\" \"PostmanRuntime/7.38.0\"","service":"your-service-name","timestamp":"12-04-2025 15:48:17"}
{"level":"info","message":"::1 - - [12/Apr/2025:10:23:47 +0000] \"POST /party/add HTTP/1.1\" 200 84 \"-\" \"PostmanRuntime/7.38.0\"","service":"your-service-name","timestamp":"12-04-2025 15:53:47"}
{"level":"info","message":"::1 - - [12/Apr/2025:10:25:58 +0000] \"POST /party/add HTTP/1.1\" 200 84 \"-\" \"PostmanRuntime/7.38.0\"","service":"your-service-name","timestamp":"12-04-2025 15:55:58"}
{"level":"info","message":"::1 - - [12/Apr/2025:10:26:13 +0000] \"POST /party/add HTTP/1.1\" 200 84 \"-\" \"PostmanRuntime/7.38.0\"","service":"your-service-name","timestamp":"12-04-2025 15:56:13"}
{"level":"info","message":"::1 - - [12/Apr/2025:14:12:29 +0000] \"POST /party/add HTTP/1.1\" 200 84 \"-\" \"PostmanRuntime/7.38.0\"","service":"your-service-name","timestamp":"12-04-2025 19:42:29"}
{"level":"info","message":"::1 - - [12/Apr/2025:14:13:59 +0000] \"POST /party/add HTTP/1.1\" 200 84 \"-\" \"PostmanRuntime/7.38.0\"","service":"your-service-name","timestamp":"12-04-2025 19:43:59"}
{"level":"info","message":"::1 - - [12/Apr/2025:14:24:15 +0000] \"POST /party/add HTTP/1.1\" 200 84 \"-\" \"PostmanRuntime/7.38.0\"","service":"your-service-name","timestamp":"12-04-2025 19:54:15"}
{"level":"info","message":"::1 - - [12/Apr/2025:14:30:45 +0000] \"POST /party/add HTTP/1.1\" 200 84 \"-\" \"PostmanRuntime/7.38.0\"","service":"your-service-name","timestamp":"12-04-2025 20:00:45"}
{"level":"info","message":"::1 - - [12/Apr/2025:14:31:06 +0000] \"POST /party/add HTTP/1.1\" 200 84 \"-\" \"PostmanRuntime/7.38.0\"","service":"your-service-name","timestamp":"12-04-2025 20:01:06"}
{"level":"info","message":"::1 - - [12/Apr/2025:14:31:22 +0000] \"POST /party/add HTTP/1.1\" 200 84 \"-\" \"PostmanRuntime/7.38.0\"","service":"your-service-name","timestamp":"12-04-2025 20:01:22"}
{"level":"info","message":"::1 - - [12/Apr/2025:14:31:50 +0000] \"POST /party/add HTTP/1.1\" 200 84 \"-\" \"PostmanRuntime/7.38.0\"","service":"your-service-name","timestamp":"12-04-2025 20:01:50"}
{"level":"info","message":"::1 - - [12/Apr/2025:14:41:56 +0000] \"POST /party/add HTTP/1.1\" 200 84 \"-\" \"PostmanRuntime/7.38.0\"","service":"your-service-name","timestamp":"12-04-2025 20:11:56"}
{"level":"info","message":"::1 - - [13/Apr/2025:05:15:50 +0000] \"POST /party/add HTTP/1.1\" 401 - \"-\" \"PostmanRuntime/7.38.0\"","service":"your-service-name","timestamp":"13-04-2025 10:45:50"}
{"level":"info","message":"::1 - - [13/Apr/2025:05:16:14 +0000] \"POST /auth/login HTTP/1.1\" 200 232 \"-\" \"PostmanRuntime/7.38.0\"","service":"your-service-name","timestamp":"13-04-2025 10:46:14"}
{"level":"info","message":"::1 - - [13/Apr/2025:05:16:37 +0000] \"POST /party/add HTTP/1.1\" 200 84 \"-\" \"PostmanRuntime/7.38.0\"","service":"your-service-name","timestamp":"13-04-2025 10:46:37"}
{"level":"info","message":"::1 - - [13/Apr/2025:05:17:51 +0000] \"POST /party/add HTTP/1.1\" 200 84 \"-\" \"PostmanRuntime/7.38.0\"","service":"your-service-name","timestamp":"13-04-2025 10:47:51"}
{"level":"info","message":"::1 - - [13/Apr/2025:05:18:26 +0000] \"POST /party/add HTTP/1.1\" 200 84 \"-\" \"PostmanRuntime/7.38.0\"","service":"your-service-name","timestamp":"13-04-2025 10:48:26"}
{"level":"info","message":"::1 - - [13/Apr/2025:05:20:44 +0000] \"POST /party/add HTTP/1.1\" 200 84 \"-\" \"PostmanRuntime/7.38.0\"","service":"your-service-name","timestamp":"13-04-2025 10:50:44"}
{"level":"info","message":"::1 - - [13/Apr/2025:05:22:10 +0000] \"POST /party/add HTTP/1.1\" 200 84 \"-\" \"PostmanRuntime/7.38.0\"","service":"your-service-name","timestamp":"13-04-2025 10:52:10"}
{"level":"info","message":"::1 - - [13/Apr/2025:05:22:53 +0000] \"POST /party/add HTTP/1.1\" 200 84 \"-\" \"PostmanRuntime/7.38.0\"","service":"your-service-name","timestamp":"13-04-2025 10:52:53"}
{"level":"info","message":"::1 - - [13/Apr/2025:05:26:43 +0000] \"POST /party/add HTTP/1.1\" 200 84 \"-\" \"PostmanRuntime/7.38.0\"","service":"your-service-name","timestamp":"13-04-2025 10:56:43"}
{"level":"info","message":"::1 - - [13/Apr/2025:05:27:01 +0000] \"POST /party/add HTTP/1.1\" 200 84 \"-\" \"PostmanRuntime/7.38.0\"","service":"your-service-name","timestamp":"13-04-2025 10:57:01"}
{"level":"info","message":"::1 - - [13/Apr/2025:05:28:21 +0000] \"POST /party/add HTTP/1.1\" 200 84 \"-\" \"PostmanRuntime/7.38.0\"","service":"your-service-name","timestamp":"13-04-2025 10:58:21"}
{"level":"info","message":"::1 - - [13/Apr/2025:05:28:39 +0000] \"POST /party/add HTTP/1.1\" 200 84 \"-\" \"PostmanRuntime/7.38.0\"","service":"your-service-name","timestamp":"13-04-2025 10:58:39"}
{"level":"info","message":"::1 - - [13/Apr/2025:05:29:33 +0000] \"POST /party/add HTTP/1.1\" 200 84 \"-\" \"PostmanRuntime/7.38.0\"","service":"your-service-name","timestamp":"13-04-2025 10:59:33"}
{"level":"info","message":"::1 - - [13/Apr/2025:05:32:46 +0000] \"POST /party/add HTTP/1.1\" 200 84 \"-\" \"PostmanRuntime/7.38.0\"","service":"your-service-name","timestamp":"13-04-2025 11:02:46"}
{"level":"info","message":"::1 - - [13/Apr/2025:05:38:44 +0000] \"POST /party/add HTTP/1.1\" 200 84 \"-\" \"PostmanRuntime/7.38.0\"","service":"your-service-name","timestamp":"13-04-2025 11:08:44"}
{"level":"info","message":"::1 - - [13/Apr/2025:05:41:22 +0000] \"POST /party/add HTTP/1.1\" 200 84 \"-\" \"PostmanRuntime/7.38.0\"","service":"your-service-name","timestamp":"13-04-2025 11:11:22"}
{"level":"info","message":"::1 - - [13/Apr/2025:05:42:06 +0000] \"POST /party/add HTTP/1.1\" 500 85 \"-\" \"PostmanRuntime/7.38.0\"","service":"your-service-name","timestamp":"13-04-2025 11:12:06"}
{"level":"error","message":{"error":{"issues":[{"code":"invalid_type","expected":"string","message":"Required","path":["name"],"received":"undefined"}],"name":"ZodError"},"success":false},"service":"your-service-name","timestamp":"13-04-2025 12:00:59"}
{"code":"AUTH_001","level":"error","message":"Invalid credentials","service":"your-service-name","stack":"Error: Invalid credentials\n    at /home/rishavmngo/Documents/my_work/programming/ts-express-api/src/features/party/party.controller.ts:31:15\n    at Generator.next (<anonymous>)\n    at /home/rishavmngo/Documents/my_work/programming/ts-express-api/src/features/party/party.controller.ts:8:71\n    at new Promise (<anonymous>)\n    at __awaiter (/home/rishavmngo/Documents/my_work/programming/ts-express-api/src/features/party/party.controller.ts:4:12)\n    at addNewParty (/home/rishavmngo/Documents/my_work/programming/ts-express-api/src/features/party/party.controller.ts:23:16)\n    at Layer.handle [as handle_request] (/home/rishavmngo/Documents/my_work/programming/ts-express-api/node_modules/express/lib/router/layer.js:95:5)\n    at next (/home/rishavmngo/Documents/my_work/programming/ts-express-api/node_modules/express/lib/router/route.js:149:13)\n    at Route.dispatch (/home/rishavmngo/Documents/my_work/programming/ts-express-api/node_modules/express/lib/router/route.js:119:3)\n    at Layer.handle [as handle_request] (/home/rishavmngo/Documents/my_work/programming/ts-express-api/node_modules/express/lib/router/layer.js:95:5)","statusCode":400,"timestamp":"13-04-2025 12:00:59"}
{"level":"info","message":"::1 - - [13/Apr/2025:06:30:59 +0000] \"POST /party/add HTTP/1.1\" 400 67 \"-\" \"PostmanRuntime/7.38.0\"","service":"your-service-name","timestamp":"13-04-2025 12:00:59"}
{"code":"22P02","file":"enum.c","length":155,"level":"error","line":"129","message":"invalid input value for enum stock_transaction_type: \"party_o_reduc\"","name":"error","routine":"enum_in","service":"your-service-name","severity":"ERROR","stack":"error: invalid input value for enum stock_transaction_type: \"party_o_reduc\"\n    at /home/rishavmngo/Documents/my_work/programming/ts-express-api/node_modules/pg-pool/index.js:45:11\n    at processTicksAndRejections (node:internal/process/task_queues:105:5)","timestamp":"13-04-2025 12:01:04","where":"unnamed portal parameter $2 = '...'"}
{"level":"info","message":"::1 - - [13/Apr/2025:06:31:04 +0000] \"POST /party/add HTTP/1.1\" 500 73 \"-\" \"PostmanRuntime/7.38.0\"","service":"your-service-name","timestamp":"13-04-2025 12:01:04"}
{"code":"22P02","file":"enum.c","length":155,"level":"error","line":"129","message":"invalid input value for enum stock_transaction_type: \"party_o_reduc\"","name":"error","routine":"enum_in","service":"your-service-name","severity":"ERROR","stack":"error: invalid input value for enum stock_transaction_type: \"party_o_reduc\"\n    at /home/rishavmngo/Documents/my_work/programming/ts-express-api/node_modules/pg-pool/index.js:45:11\n    at processTicksAndRejections (node:internal/process/task_queues:105:5)","timestamp":"13-04-2025 12:03:36","where":"unnamed portal parameter $2 = '...'"}
{"code":"AUTH_004","level":"error","message":"Transaction failed","service":"your-service-name","stack":"Error: Transaction failed\n    at PartyRepository.<anonymous> (/home/rishavmngo/Documents/my_work/programming/ts-express-api/src/features/party/party.repository.ts:48:13)\n    at Generator.next (<anonymous>)\n    at fulfilled (/home/rishavmngo/Documents/my_work/programming/ts-express-api/src/features/party/party.repository.ts:5:58)\n    at processTicksAndRejections (node:internal/process/task_queues:105:5)","statusCode":400,"timestamp":"13-04-2025 12:03:36"}
{"level":"info","message":"::1 - - [13/Apr/2025:06:33:36 +0000] \"POST /party/add HTTP/1.1\" 400 66 \"-\" \"PostmanRuntime/7.38.0\"","service":"your-service-name","timestamp":"13-04-2025 12:03:36"}
